My PID: 32162

From a new terminal type `kill -SIGINT 32162` or `kill -SIGTERM 32162` to stop processing packets

My ID: 5

List of resolved hosts is:
==========================
1
Human-readable IP: 127.0.0.1
Human-readable Port: 11001

2
Human-readable IP: 127.0.0.1
Human-readable Port: 11002

3
Human-readable IP: 127.0.0.1
Human-readable Port: 11003

4
Human-readable IP: 127.0.0.1
Human-readable Port: 11004

5
Human-readable IP: 127.0.0.1
Human-readable Port: 11005


Path to output:
===============
/home/dejankovac11/Desktop/distributed_algos/project/tools/dump/proc05.output

Path to config:
===============
./dump/config

Doing some initialization

Created socket 
./dump/config
Broadcasting and delivering messages...

Immediately stopping network packet processing.
Writing output.
